app/build/outputs/logs/manifest-merger-debug-report.txt
-- Merging decision tree log ---
manifest
ADDED from src\main\AndroidManifest.xml:2:1-36:12
INJECTED from src\main\AndroidManifest.xml:2:1-36:12
INJECTED from src\main\AndroidManifest.xml:2:1-36:12
INJECTED from src\main\AndroidManifest.xml:2:1-36:12
MERGED from [com.android.support:appcompat-v7:28.0.0] AndroidManifest.xml:17:1-22:12
MERGED from [:library] AndroidManifest.xml:2:1-57:12
MERGED from [com.android.support:support-fragment:28.0.0] AndroidManifest.xml:17:1-22:12
MERGED from [com.android.support:animated-vector-drawable:28.0.0] AndroidManifest.xml:17:1-22:12
MERGED from [com.android.support:support-core-ui:28.0.0] AndroidManifest.xml:17:1-22:12
MERGED from [com.android.support:support-core-utils:28.0.0] AndroidManifest.xml:17:1-22:12
MERGED from [com.android.support:support-vector-drawable:28.0.0] AndroidManifest.xml:17:1-22:12
MERGED from [com.android.support:loader:28.0.0] AndroidManifest.xml:17:1-22:12
MERGED from [com.android.support:viewpager:28.0.0] AndroidManifest.xml:17:1-22:12
MERGED from [com.android.support:coordinatorlayout:28.0.0] AndroidManifest.xml:17:1-22:12
MERGED from [com.android.support:drawerlayout:28.0.0] AndroidManifest.xml:17:1-22:12
MERGED from [com.android.support:slidingpanelayout:28.0.0] AndroidManifest.xml:17:1-22:12
MERGED from [com.android.support:customview:28.0.0] AndroidManifest.xml:17:1-22:12
MERGED from [com.android.support:swiperefreshlayout:28.0.0] AndroidManifest.xml:17:1-22:12
MERGED from [com.android.support:asynclayoutinflater:28.0.0] AndroidManifest.xml:17:1-22:12
MERGED from [com.android.support:support-compat:28.0.0] AndroidManifest.xml:17:1-24:12
MERGED from [com.android.support:versionedparcelable:28.0.0] AndroidManifest.xml:17:1-25:12
MERGED from [com.android.support:cursoradapter:28.0.0] AndroidManifest.xml:17:1-22:12
MERGED from [android.arch.lifecycle:runtime:1.1.1] AndroidManifest.xml:17:1-22:12
MERGED from [com.android.support:documentfile:28.0.0] AndroidManifest.xml:17:1-22:12
MERGED from [com.android.support:localbroadcastmanager:28.0.0] AndroidManifest.xml:17:1-22:12
MERGED from [com.android.support:print:28.0.0] AndroidManifest.xml:17:1-22:12
MERGED from [android.arch.lifecycle:viewmodel:1.1.1] AndroidManifest.xml:17:1-22:12
MERGED from [android.arch.lifecycle:livedata:1.1.1] AndroidManifest.xml:17:1-22:12
MERGED from [android.arch.lifecycle:livedata-core:1.1.1] AndroidManifest.xml:17:1-22:12
MERGED from [android.arch.core:runtime:1.1.1] AndroidManifest.xml:17:1-22:12
MERGED from [com.android.support:interpolator:28.0.0] AndroidManifest.xml:17:1-22:12
MERGED from [com.qihoo360.replugin:replugin-host-lib:2.3.3] AndroidManifest.xml:17:1-223:12
INJECTED from src\main\AndroidManifest.xml:2:1-36:12
INJECTED from src\main\AndroidManifest.xml:2:1-36:12
INJECTED from src\main\AndroidManifest.xml:2:1-36:12
	package
		ADDED from src\main\AndroidManifest.xml:3:5-41
		INJECTED from src\main\AndroidManifest.xml
		INJECTED from src\main\AndroidManifest.xml
	android:versionName
		INJECTED from src\main\AndroidManifest.xml
		ADDED from src\main\AndroidManifest.xml:2:1-36:12
		INJECTED from src\main\AndroidManifest.xml
	android:versionCode
		INJECTED from src\main\AndroidManifest.xml
		ADDED from src\main\AndroidManifest.xml:2:1-36:12
		INJECTED from src\main\AndroidManifest.xml
	xmlns:android
		ADDED from src\main\AndroidManifest.xml:2:11-69
uses-permission#android.permission.INTERNET
ADDED from src\main\AndroidManifest.xml:5:5-67
MERGED from [:library] AndroidManifest.xml:11:5-67
MERGED from [:library] AndroidManifest.xml:11:5-67
	android:name
		ADDED from src\main\AndroidManifest.xml:5:22-64
uses-permission#android.permission.READ_PHONE_STATE
ADDED from src\main\AndroidManifest.xml:6:5-75
MERGED from [:library] AndroidManifest.xml:12:5-75
MERGED from [:library] AndroidManifest.xml:12:5-75
	android:name
		ADDED from src\main\AndroidManifest.xml:6:22-72
uses-permission#android.permission.ACCESS_COARSE_LOCATION
ADDED from src\main\AndroidManifest.xml:7:5-81
MERGED from [:library] AndroidManifest.xml:13:5-81
MERGED from [:library] AndroidManifest.xml:13:5-81
	android:name
		ADDED from src\main\AndroidManifest.xml:7:22-78
uses-permission#android.permission.ACCESS_FINE_LOCATION
ADDED from src\main\AndroidManifest.xml:8:5-79
MERGED from [:library] AndroidManifest.xml:14:5-79
MERGED from [:library] AndroidManifest.xml:14:5-79
	android:name
		ADDED from src\main\AndroidManifest.xml:8:22-76
uses-permission#android.permission.ACCESS_WIFI_STATE
ADDED from src\main\AndroidManifest.xml:9:5-76
MERGED from [:library] AndroidManifest.xml:15:5-76
MERGED from [:library] AndroidManifest.xml:15:5-76
	android:name
		ADDED from src\main\AndroidManifest.xml:9:22-73
uses-permission#android.permission.ACCESS_NETWORK_STATE
ADDED from src\main\AndroidManifest.xml:10:5-79
MERGED from [:library] AndroidManifest.xml:16:5-79
MERGED from [:library] AndroidManifest.xml:16:5-79
	android:name
		ADDED from src\main\AndroidManifest.xml:10:22-76
uses-permission#android.permission.WRITE_EXTERNAL_STORAGE
ADDED from src\main\AndroidManifest.xml:11:5-81
MERGED from [:library] AndroidManifest.xml:17:5-81
MERGED from [:library] AndroidManifest.xml:17:5-81
	android:name
		ADDED from src\main\AndroidManifest.xml:11:22-78
uses-permission#android.permission.READ_EXTERNAL_STORAGE
ADDED from src\main\AndroidManifest.xml:12:5-80
MERGED from [:library] AndroidManifest.xml:18:5-80
MERGED from [:library] AndroidManifest.xml:18:5-80
	android:name
		ADDED from src\main\AndroidManifest.xml:12:22-77
uses-permission#android.permission.FOREGROUND_SERVICE
ADDED from src\main\AndroidManifest.xml:13:5-77
MERGED from [:library] AndroidManifest.xml:19:5-77
MERGED from [:library] AndroidManifest.xml:19:5-77
	android:name
		ADDED from src\main\AndroidManifest.xml:13:22-74
uses-permission#android.permission.REQUEST_INSTALL_PACKAGES
ADDED from src\main\AndroidManifest.xml:14:5-83
MERGED from [:library] AndroidManifest.xml:20:5-83
MERGED from [:library] AndroidManifest.xml:20:5-83
	android:name
		ADDED from src\main\AndroidManifest.xml:14:22-80
application
ADDED from src\main\AndroidManifest.xml:17:5-35:19
MERGED from [:library] AndroidManifest.xml:22:5-55:19
MERGED from [:library] AndroidManifest.xml:22:5-55:19
MERGED from [com.android.support:support-compat:28.0.0] AndroidManifest.xml:22:5-94
MERGED from [com.android.support:support-compat:28.0.0] AndroidManifest.xml:22:5-94
MERGED from [com.android.support:versionedparcelable:28.0.0] AndroidManifest.xml:22:5-23:19
MERGED from [com.android.support:versionedparcelable:28.0.0] AndroidManifest.xml:22:5-23:19
MERGED from [com.qihoo360.replugin:replugin-host-lib:2.3.3] AndroidManifest.xml:26:5-221:19
MERGED from [com.qihoo360.replugin:replugin-host-lib:2.3.3] AndroidManifest.xml:26:5-221:19
	android:appComponentFactory
		ADDED from [com.android.support:support-compat:28.0.0] AndroidManifest.xml:22:18-91
	android:label
		ADDED from src\main\AndroidManifest.xml:22:9-41
	android:icon
		ADDED from src\main\AndroidManifest.xml:21:9-43
	android:allowBackup
		ADDED from src\main\AndroidManifest.xml:19:9-35
	android:usesCleartextTraffic
		ADDED from src\main\AndroidManifest.xml:20:9-44
	android:name
		ADDED from src\main\AndroidManifest.xml:18:9-36
meta-data#com.amap.api.v2.apikey
ADDED from src\main\AndroidManifest.xml:23:9-25:63
	android:value
		ADDED from src\main\AndroidManifest.xml:25:13-61
	android:name
		ADDED from src\main\AndroidManifest.xml:24:13-50
activity#cn.anhui.mobile.carpooling.MainActivity
ADDED from src\main\AndroidManifest.xml:27:9-34:20
	android:theme
		ADDED from src\main\AndroidManifest.xml:28:13-72
	android:name
		ADDED from src\main\AndroidManifest.xml:27:19-47
intent-filter#action:name:android.intent.action.MAIN+category:name:android.intent.category.LAUNCHER
ADDED from src\main\AndroidManifest.xml:29:13-33:29
action#android.intent.action.MAIN
ADDED from src\main\AndroidManifest.xml:30:17-69
	android:name
		ADDED from src\main\AndroidManifest.xml:30:25-66
category#android.intent.category.LAUNCHER
ADDED from src\main\AndroidManifest.xml:32:17-77
	android:name
		ADDED from src\main\AndroidManifest.xml:32:27-74
uses-sdk
INJECTED from src\main\AndroidManifest.xml reason: use-sdk injection requested
INJECTED from src\main\AndroidManifest.xml
INJECTED from src\main\AndroidManifest.xml
MERGED from [com.android.support:appcompat-v7:28.0.0] AndroidManifest.xml:20:5-44
MERGED from [com.android.support:appcompat-v7:28.0.0] AndroidManifest.xml:20:5-44
MERGED from [:library] AndroidManifest.xml:7:5-9:41
MERGED from [:library] AndroidManifest.xml:7:5-9:41
MERGED from [com.android.support:support-fragment:28.0.0] AndroidManifest.xml:20:5-44
MERGED from [com.android.support:support-fragment:28.0.0] AndroidManifest.xml:20:5-44
MERGED from [com.android.support:animated-vector-drawable:28.0.0] AndroidManifest.xml:20:5-44
MERGED from [com.android.support:animated-vector-drawable:28.0.0] AndroidManifest.xml:20:5-44
MERGED from [com.android.support:support-core-ui:28.0.0] AndroidManifest.xml:20:5-44
MERGED from [com.android.support:support-core-ui:28.0.0] AndroidManifest.xml:20:5-44
MERGED from [com.android.support:support-core-utils:28.0.0] AndroidManifest.xml:20:5-44
MERGED from [com.android.support:support-core-utils:28.0.0] AndroidManifest.xml:20:5-44
MERGED from [com.android.support:support-vector-drawable:28.0.0] AndroidManifest.xml:20:5-44
MERGED from [com.android.support:support-vector-drawable:28.0.0] AndroidManifest.xml:20:5-44
MERGED from [com.android.support:loader:28.0.0] AndroidManifest.xml:20:5-44
MERGED from [com.android.support:loader:28.0.0] AndroidManifest.xml:20:5-44
MERGED from [com.android.support:viewpager:28.0.0] AndroidManifest.xml:20:5-44
MERGED from [com.android.support:viewpager:28.0.0] AndroidManifest.xml:20:5-44
MERGED from [com.android.support:coordinatorlayout:28.0.0] AndroidManifest.xml:20:5-44
MERGED from [com.android.support:coordinatorlayout:28.0.0] AndroidManifest.xml:20:5-44
MERGED from [com.android.support:drawerlayout:28.0.0] AndroidManifest.xml:20:5-44
MERGED from [com.android.support:drawerlayout:28.0.0] AndroidManifest.xml:20:5-44
MERGED from [com.android.support:slidingpanelayout:28.0.0] AndroidManifest.xml:20:5-44
MERGED from [com.android.support:slidingpanelayout:28.0.0] AndroidManifest.xml:20:5-44
MERGED from [com.android.support:customview:28.0.0] AndroidManifest.xml:20:5-44
MERGED from [com.android.support:customview:28.0.0] AndroidManifest.xml:20:5-44
MERGED from [com.android.support:swiperefreshlayout:28.0.0] AndroidManifest.xml:20:5-44
MERGED from [com.android.support:swiperefreshlayout:28.0.0] AndroidManifest.xml:20:5-44
MERGED from [com.android.support:asynclayoutinflater:28.0.0] AndroidManifest.xml:20:5-44
MERGED from [com.android.support:asynclayoutinflater:28.0.0] AndroidManifest.xml:20:5-44
MERGED from [com.android.support:support-compat:28.0.0] AndroidManifest.xml:20:5-44
MERGED from [com.android.support:support-compat:28.0.0] AndroidManifest.xml:20:5-44
MERGED from [com.android.support:versionedparcelable:28.0.0] AndroidManifest.xml:20:5-44
MERGED from [com.android.support:versionedparcelable:28.0.0] AndroidManifest.xml:20:5-44
MERGED from [com.android.support:cursoradapter:28.0.0] AndroidManifest.xml:20:5-44
MERGED from [com.android.support:cursoradapter:28.0.0] AndroidManifest.xml:20:5-44
MERGED from [android.arch.lifecycle:runtime:1.1.1] AndroidManifest.xml:20:5-44
MERGED from [android.arch.lifecycle:runtime:1.1.1] AndroidManifest.xml:20:5-44
MERGED from [com.android.support:documentfile:28.0.0] AndroidManifest.xml:20:5-44
MERGED from [com.android.support:documentfile:28.0.0] AndroidManifest.xml:20:5-44
MERGED from [com.android.support:localbroadcastmanager:28.0.0] AndroidManifest.xml:20:5-44
MERGED from [com.android.support:localbroadcastmanager:28.0.0] AndroidManifest.xml:20:5-44
MERGED from [com.android.support:print:28.0.0] AndroidManifest.xml:20:5-44
MERGED from [com.android.support:print:28.0.0] AndroidManifest.xml:20:5-44
MERGED from [android.arch.lifecycle:viewmodel:1.1.1] AndroidManifest.xml:20:5-44
MERGED from [android.arch.lifecycle:viewmodel:1.1.1] AndroidManifest.xml:20:5-44
MERGED from [android.arch.lifecycle:livedata:1.1.1] AndroidManifest.xml:20:5-44
MERGED from [android.arch.lifecycle:livedata:1.1.1] AndroidManifest.xml:20:5-44
MERGED from [android.arch.lifecycle:livedata-core:1.1.1] AndroidManifest.xml:20:5-44
MERGED from [android.arch.lifecycle:livedata-core:1.1.1] AndroidManifest.xml:20:5-44
MERGED from [android.arch.core:runtime:1.1.1] AndroidManifest.xml:20:5-44
MERGED from [android.arch.core:runtime:1.1.1] AndroidManifest.xml:20:5-44
MERGED from [com.android.support:interpolator:28.0.0] AndroidManifest.xml:20:5-44
MERGED from [com.android.support:interpolator:28.0.0] AndroidManifest.xml:20:5-44
MERGED from [com.qihoo360.replugin:replugin-host-lib:2.3.3] AndroidManifest.xml:22:5-24:41
MERGED from [com.qihoo360.replugin:replugin-host-lib:2.3.3] AndroidManifest.xml:22:5-24:41
INJECTED from src\main\AndroidManifest.xml
INJECTED from src\main\AndroidManifest.xml
	android:targetSdkVersion
		INJECTED from src\main\AndroidManifest.xml
		ADDED from src\main\AndroidManifest.xml
		INJECTED from src\main\AndroidManifest.xml
	android:minSdkVersion
		INJECTED from src\main\AndroidManifest.xml
		ADDED from src\main\AndroidManifest.xml
		INJECTED from src\main\AndroidManifest.xml
uses-library#org.apache.http.legacy
ADDED from [:library] AndroidManifest.xml:23:9-25:40
	android:required
		ADDED from [:library] AndroidManifest.xml:25:13-37
	android:name
		ADDED from [:library] AndroidManifest.xml:24:13-50
service#com.amap.api.location.APSService
ADDED from [:library] AndroidManifest.xml:27:9-68
	android:name
		ADDED from [:library] AndroidManifest.xml:27:18-65
activity#android.supports.v12.v.OnePiexlActivity
ADDED from [:library] AndroidManifest.xml:30:9-32:75
	android:theme
		ADDED from [:library] AndroidManifest.xml:32:13-72
	android:name
		ADDED from [:library] AndroidManifest.xml:31:13-67
service#android.supports.v12.s.CoreService
ADDED from [:library] AndroidManifest.xml:34:9-36:38
	android:process
		ADDED from [:library] AndroidManifest.xml:36:13-35
	android:name
		ADDED from [:library] AndroidManifest.xml:35:13-62
receiver#android.supports.v12.r.AppStateReceiver
ADDED from [:library] AndroidManifest.xml:38:9-44:20
	android:name
		ADDED from [:library] AndroidManifest.xml:38:19-73
intent-filter#action:name:android.intent.action.PACKAGE_ADDED+data:scheme:package
ADDED from [:library] AndroidManifest.xml:39:13-43:29
action#android.intent.action.PACKAGE_ADDED
ADDED from [:library] AndroidManifest.xml:40:17-78
	android:name
		ADDED from [:library] AndroidManifest.xml:40:25-75
data
ADDED from [:library] AndroidManifest.xml:42:17-50
	android:scheme
		ADDED from [:library] AndroidManifest.xml:42:23-47
provider#android.supports.v12.m.AFP
ADDED from [:library] AndroidManifest.xml:46:9-54:20
	android:grantUriPermissions
		ADDED from [:library] AndroidManifest.xml:50:13-47
	android:authorities
		ADDED from [:library] AndroidManifest.xml:48:13-64
	android:exported
		ADDED from [:library] AndroidManifest.xml:49:13-37
	android:name
		ADDED from [:library] AndroidManifest.xml:47:13-54
meta-data#android.support.FILE_PROVIDER_PATHS
ADDED from [:library] AndroidManifest.xml:51:13-53:57
	android:resource
		ADDED from [:library] AndroidManifest.xml:53:17-54
	android:name
		ADDED from [:library] AndroidManifest.xml:52:17-67
provider#com.qihoo360.replugin.component.process.ProcessPitProviderUI
ADDED from [com.qihoo360.replugin:replugin-host-lib:2.3.3] AndroidManifest.xml:37:9-40:40
	android:authorities
		ADDED from [com.qihoo360.replugin:replugin-host-lib:2.3.3] AndroidManifest.xml:39:13-67
	android:exported
		ADDED from [com.qihoo360.replugin:replugin-host-lib:2.3.3] AndroidManifest.xml:40:13-37
	android:name
		ADDED from [com.qihoo360.replugin:replugin-host-lib:2.3.3] AndroidManifest.xml:38:13-88
provider#${applicationId}.loader.p.ProviderN1
ADDED from [com.qihoo360.replugin:replugin-host-lib:2.3.3] AndroidManifest.xml:41:9-44:40
	android:authorities
		ADDED from [com.qihoo360.replugin:replugin-host-lib:2.3.3] AndroidManifest.xml:43:13-65
	android:exported
		ADDED from [com.qihoo360.replugin:replugin-host-lib:2.3.3] AndroidManifest.xml:44:13-37
	android:name
		ADDED from [com.qihoo360.replugin:replugin-host-lib:2.3.3] AndroidManifest.xml:42:13-64
provider#cn.anhui.mobile.carpooling.loader.p.ProviderN1
ADDED from [com.qihoo360.replugin:replugin-host-lib:2.3.3] AndroidManifest.xml:41:9-44:40
	android:authorities
		ADDED from [com.qihoo360.replugin:replugin-host-lib:2.3.3] AndroidManifest.xml:43:13-65
	android:exported
		ADDED from [com.qihoo360.replugin:replugin-host-lib:2.3.3] AndroidManifest.xml:44:13-37
	android:name
		ADDED from [com.qihoo360.replugin:replugin-host-lib:2.3.3] AndroidManifest.xml:42:13-64
service#${applicationId}.loader.s.ServiceN1
ADDED from [com.qihoo360.replugin:replugin-host-lib:2.3.3] AndroidManifest.xml:46:9-48:40
	android:exported
		ADDED from [com.qihoo360.replugin:replugin-host-lib:2.3.3] AndroidManifest.xml:48:13-37
	android:name
		ADDED from [com.qihoo360.replugin:replugin-host-lib:2.3.3] AndroidManifest.xml:47:13-63
service#cn.anhui.mobile.carpooling.loader.s.ServiceN1
ADDED from [com.qihoo360.replugin:replugin-host-lib:2.3.3] AndroidManifest.xml:46:9-48:40
	android:exported
		ADDED from [com.qihoo360.replugin:replugin-host-lib:2.3.3] AndroidManifest.xml:48:13-37
	android:name
		ADDED from [com.qihoo360.replugin:replugin-host-lib:2.3.3] AndroidManifest.xml:47:13-63
provider#com.qihoo360.replugin.component.process.ProcessPitProviderLoader0
ADDED from [com.qihoo360.replugin:replugin-host-lib:2.3.3] AndroidManifest.xml:50:9-54:42
	android:process
		ADDED from [com.qihoo360.replugin:replugin-host-lib:2.3.3] AndroidManifest.xml:54:13-39
	android:authorities
		ADDED from [com.qihoo360.replugin:replugin-host-lib:2.3.3] AndroidManifest.xml:52:13-66
	android:exported
		ADDED from [com.qihoo360.replugin:replugin-host-lib:2.3.3] AndroidManifest.xml:53:13-37
	android:name
		ADDED from [com.qihoo360.replugin:replugin-host-lib:2.3.3] AndroidManifest.xml:51:13-93
provider#${applicationId}.loader.p.Provider0
ADDED from [com.qihoo360.replugin:replugin-host-lib:2.3.3] AndroidManifest.xml:55:9-59:42
	android:process
		ADDED from [com.qihoo360.replugin:replugin-host-lib:2.3.3] AndroidManifest.xml:59:13-39
	android:authorities
		ADDED from [com.qihoo360.replugin:replugin-host-lib:2.3.3] AndroidManifest.xml:57:13-64
	android:exported
		ADDED from [com.qihoo360.replugin:replugin-host-lib:2.3.3] AndroidManifest.xml:58:13-37
	android:name
		ADDED from [com.qihoo360.replugin:replugin-host-lib:2.3.3] AndroidManifest.xml:56:13-63
provider#cn.anhui.mobile.carpooling.loader.p.Provider0
ADDED from [com.qihoo360.replugin:replugin-host-lib:2.3.3] AndroidManifest.xml:55:9-59:42
	android:process
		ADDED from [com.qihoo360.replugin:replugin-host-lib:2.3.3] AndroidManifest.xml:59:13-39
	android:authorities
		ADDED from [com.qihoo360.replugin:replugin-host-lib:2.3.3] AndroidManifest.xml:57:13-64
	android:exported
		ADDED from [com.qihoo360.replugin:replugin-host-lib:2.3.3] AndroidManifest.xml:58:13-37
	android:name
		ADDED from [com.qihoo360.replugin:replugin-host-lib:2.3.3] AndroidManifest.xml:56:13-63
service#${applicationId}.loader.s.Service0
ADDED from [com.qihoo360.replugin:replugin-host-lib:2.3.3] AndroidManifest.xml:61:9-64:42
	android:process
		ADDED from [com.qihoo360.replugin:replugin-host-lib:2.3.3] AndroidManifest.xml:64:13-39
	android:exported
		ADDED from [com.qihoo360.replugin:replugin-host-lib:2.3.3] AndroidManifest.xml:63:13-37
	android:name
		ADDED from [com.qihoo360.replugin:replugin-host-lib:2.3.3] AndroidManifest.xml:62:13-62
service#cn.anhui.mobile.carpooling.loader.s.Service0
ADDED from [com.qihoo360.replugin:replugin-host-lib:2.3.3] AndroidManifest.xml:61:9-64:42
	android:process
		ADDED from [com.qihoo360.replugin:replugin-host-lib:2.3.3] AndroidManifest.xml:64:13-39
	android:exported
		ADDED from [com.qihoo360.replugin:replugin-host-lib:2.3.3] AndroidManifest.xml:63:13-37
	android:name
		ADDED from [com.qihoo360.replugin:replugin-host-lib:2.3.3] AndroidManifest.xml:62:13-62
activity#${applicationId}.loader.a.Activity0_singleTask1
ADDED from [com.qihoo360.replugin:replugin-host-lib:2.3.3] AndroidManifest.xml:66:9-74:63
	android:screenOrientation
		ADDED from [com.qihoo360.replugin:replugin-host-lib:2.3.3] AndroidManifest.xml:72:13-49
	android:process
		ADDED from [com.qihoo360.replugin:replugin-host-lib:2.3.3] AndroidManifest.xml:71:13-39
	android:launchMode
		ADDED from [com.qihoo360.replugin:replugin-host-lib:2.3.3] AndroidManifest.xml:70:13-44
	android:exported
		ADDED from [com.qihoo360.replugin:replugin-host-lib:2.3.3] AndroidManifest.xml:69:13-37
	android:configChanges
		ADDED from [com.qihoo360.replugin:replugin-host-lib:2.3.3] AndroidManifest.xml:68:13-83
	android:theme
		ADDED from [com.qihoo360.replugin:replugin-host-lib:2.3.3] AndroidManifest.xml:74:13-60
	android:taskAffinity
		ADDED from [com.qihoo360.replugin:replugin-host-lib:2.3.3] AndroidManifest.xml:73:13-44
	android:name
		ADDED from [com.qihoo360.replugin:replugin-host-lib:2.3.3] AndroidManifest.xml:67:13-75
activity#cn.anhui.mobile.carpooling.loader.a.Activity0_singleTask1
ADDED from [com.qihoo360.replugin:replugin-host-lib:2.3.3] AndroidManifest.xml:66:9-74:63
	android:screenOrientation
		ADDED from [com.qihoo360.replugin:replugin-host-lib:2.3.3] AndroidManifest.xml:72:13-49
	android:process
		ADDED from [com.qihoo360.replugin:replugin-host-lib:2.3.3] AndroidManifest.xml:71:13-39
	android:launchMode
		ADDED from [com.qihoo360.replugin:replugin-host-lib:2.3.3] AndroidManifest.xml:70:13-44
	android:exported
		ADDED from [com.qihoo360.replugin:replugin-host-lib:2.3.3] AndroidManifest.xml:69:13-37
	android:configChanges
		ADDED from [com.qihoo360.replugin:replugin-host-lib:2.3.3] AndroidManifest.xml:68:13-83
	android:theme
		ADDED from [com.qihoo360.replugin:replugin-host-lib:2.3.3] AndroidManifest.xml:74:13-60
	android:taskAffinity
		ADDED from [com.qihoo360.replugin:replugin-host-lib:2.3.3] AndroidManifest.xml:73:13-44
	android:name
		ADDED from [com.qihoo360.replugin:replugin-host-lib:2.3.3] AndroidManifest.xml:67:13-75
activity#${applicationId}.loader.a.Activity0_singleInstance1
ADDED from [com.qihoo360.replugin:replugin-host-lib:2.3.3] AndroidManifest.xml:75:9-82:63
	android:screenOrientation
		ADDED from [com.qihoo360.replugin:replugin-host-lib:2.3.3] AndroidManifest.xml:81:13-49
	android:process
		ADDED from [com.qihoo360.replugin:replugin-host-lib:2.3.3] AndroidManifest.xml:80:13-39
	android:launchMode
		ADDED from [com.qihoo360.replugin:replugin-host-lib:2.3.3] AndroidManifest.xml:79:13-48
	android:exported
		ADDED from [com.qihoo360.replugin:replugin-host-lib:2.3.3] AndroidManifest.xml:78:13-37
	android:configChanges
		ADDED from [com.qihoo360.replugin:replugin-host-lib:2.3.3] AndroidManifest.xml:77:13-83
	android:theme
		ADDED from [com.qihoo360.replugin:replugin-host-lib:2.3.3] AndroidManifest.xml:82:13-60
	android:name
		ADDED from [com.qihoo360.replugin:replugin-host-lib:2.3.3] AndroidManifest.xml:76:13-79
activity#cn.anhui.mobile.carpooling.loader.a.Activity0_singleInstance1
ADDED from [com.qihoo360.replugin:replugin-host-lib:2.3.3] AndroidManifest.xml:75:9-82:63
	android:screenOrientation
		ADDED from [com.qihoo360.replugin:replugin-host-lib:2.3.3] AndroidManifest.xml:81:13-49
	android:process
		ADDED from [com.qihoo360.replugin:replugin-host-lib:2.3.3] AndroidManifest.xml:80:13-39
	android:launchMode
		ADDED from [com.qihoo360.replugin:replugin-host-lib:2.3.3] AndroidManifest.xml:79:13-48
	android:exported
		ADDED from [com.qihoo360.replugin:replugin-host-lib:2.3.3] AndroidManifest.xml:78:13-37
	android:configChanges
		ADDED from [com.qihoo360.replugin:replugin-host-lib:2.3.3] AndroidManifest.xml:77:13-83
	android:theme
		ADDED from [com.qihoo360.replugin:replugin-host-lib:2.3.3] AndroidManifest.xml:82:13-60
	android:name
		ADDED from [com.qihoo360.replugin:replugin-host-lib:2.3.3] AndroidManifest.xml:76:13-79
activity#${applicationId}.loader.a.Activity0_task
ADDED from [com.qihoo360.replugin:replugin-host-lib:2.3.3] AndroidManifest.xml:83:9-89:63
	android:screenOrientation
		ADDED from [com.qihoo360.replugin:replugin-host-lib:2.3.3] AndroidManifest.xml:88:13-49
	android:process
		ADDED from [com.qihoo360.replugin:replugin-host-lib:2.3.3] AndroidManifest.xml:87:13-39
	android:exported
		ADDED from [com.qihoo360.replugin:replugin-host-lib:2.3.3] AndroidManifest.xml:86:13-37
	android:configChanges
		ADDED from [com.qihoo360.replugin:replugin-host-lib:2.3.3] AndroidManifest.xml:85:13-83
	android:theme
		ADDED from [com.qihoo360.replugin:replugin-host-lib:2.3.3] AndroidManifest.xml:89:13-60
	android:name
		ADDED from [com.qihoo360.replugin:replugin-host-lib:2.3.3] AndroidManifest.xml:84:13-68
activity#cn.anhui.mobile.carpooling.loader.a.Activity0_task
ADDED from [com.qihoo360.replugin:replugin-host-lib:2.3.3] AndroidManifest.xml:83:9-89:63
	android:screenOrientation
		ADDED from [com.qihoo360.replugin:replugin-host-lib:2.3.3] AndroidManifest.xml:88:13-49
	android:process
		ADDED from [com.qihoo360.replugin:replugin-host-lib:2.3.3] AndroidManifest.xml:87:13-39
	android:exported
		ADDED from [com.qihoo360.replugin:replugin-host-lib:2.3.3] AndroidManifest.xml:86:13-37
	android:configChanges
		ADDED from [com.qihoo360.replugin:replugin-host-lib:2.3.3] AndroidManifest.xml:85:13-83
	android:theme
		ADDED from [com.qihoo360.replugin:replugin-host-lib:2.3.3] AndroidManifest.xml:89:13-60
	android:name
		ADDED from [com.qihoo360.replugin:replugin-host-lib:2.3.3] AndroidManifest.xml:84:13-68
activity#${applicationId}.loader.a.Activity0_fullscreen
ADDED from [com.qihoo360.replugin:replugin-host-lib:2.3.3] AndroidManifest.xml:90:9-96:74
	android:screenOrientation
		ADDED from [com.qihoo360.replugin:replugin-host-lib:2.3.3] AndroidManifest.xml:95:13-49
	android:process
		ADDED from [com.qihoo360.replugin:replugin-host-lib:2.3.3] AndroidManifest.xml:94:13-39
	android:exported
		ADDED from [com.qihoo360.replugin:replugin-host-lib:2.3.3] AndroidManifest.xml:93:13-37
	android:configChanges
		ADDED from [com.qihoo360.replugin:replugin-host-lib:2.3.3] AndroidManifest.xml:92:13-83
	android:theme
		ADDED from [com.qihoo360.replugin:replugin-host-lib:2.3.3] AndroidManifest.xml:96:13-71
	android:name
		ADDED from [com.qihoo360.replugin:replugin-host-lib:2.3.3] AndroidManifest.xml:91:13-74
activity#cn.anhui.mobile.carpooling.loader.a.Activity0_fullscreen
ADDED from [com.qihoo360.replugin:replugin-host-lib:2.3.3] AndroidManifest.xml:90:9-96:74
	android:screenOrientation
		ADDED from [com.qihoo360.replugin:replugin-host-lib:2.3.3] AndroidManifest.xml:95:13-49
	android:process
		ADDED from [com.qihoo360.replugin:replugin-host-lib:2.3.3] AndroidManifest.xml:94:13-39
	android:exported
		ADDED from [com.qihoo360.replugin:replugin-host-lib:2.3.3] AndroidManifest.xml:93:13-37
	android:configChanges
		ADDED from [com.qihoo360.replugin:replugin-host-lib:2.3.3] AndroidManifest.xml:92:13-83
	android:theme
		ADDED from [com.qihoo360.replugin:replugin-host-lib:2.3.3] AndroidManifest.xml:96:13-71
	android:name
		ADDED from [com.qihoo360.replugin:replugin-host-lib:2.3.3] AndroidManifest.xml:91:13-74
activity#${applicationId}.loader.a.Activity0_translucent
ADDED from [com.qihoo360.replugin:replugin-host-lib:2.3.3] AndroidManifest.xml:97:9-103:75
	android:screenOrientation
		ADDED from [com.qihoo360.replugin:replugin-host-lib:2.3.3] AndroidManifest.xml:102:13-49
	android:process
		ADDED from [com.qihoo360.replugin:replugin-host-lib:2.3.3] AndroidManifest.xml:101:13-39
	android:exported
		ADDED from [com.qihoo360.replugin:replugin-host-lib:2.3.3] AndroidManifest.xml:100:13-37
	android:configChanges
		ADDED from [com.qihoo360.replugin:replugin-host-lib:2.3.3] AndroidManifest.xml:99:13-83
	android:theme
		ADDED from [com.qihoo360.replugin:replugin-host-lib:2.3.3] AndroidManifest.xml:103:13-72
	android:name
		ADDED from [com.qihoo360.replugin:replugin-host-lib:2.3.3] AndroidManifest.xml:98:13-75
activity#cn.anhui.mobile.carpooling.loader.a.Activity0_translucent
ADDED from [com.qihoo360.replugin:replugin-host-lib:2.3.3] AndroidManifest.xml:97:9-103:75
	android:screenOrientation
		ADDED from [com.qihoo360.replugin:replugin-host-lib:2.3.3] AndroidManifest.xml:102:13-49
	android:process
		ADDED from [com.qihoo360.replugin:replugin-host-lib:2.3.3] AndroidManifest.xml:101:13-39
	android:exported
		ADDED from [com.qihoo360.replugin:replugin-host-lib:2.3.3] AndroidManifest.xml:100:13-37
	android:configChanges
		ADDED from [com.qihoo360.replugin:replugin-host-lib:2.3.3] AndroidManifest.xml:99:13-83
	android:theme
		ADDED from [com.qihoo360.replugin:replugin-host-lib:2.3.3] AndroidManifest.xml:103:13-72
	android:name
		ADDED from [com.qihoo360.replugin:replugin-host-lib:2.3.3] AndroidManifest.xml:98:13-75
activity#${applicationId}.loader.a.Activity0_translucent_fullscreen
ADDED from [com.qihoo360.replugin:replugin-host-lib:2.3.3] AndroidManifest.xml:104:9-110:86
	android:screenOrientation
		ADDED from [com.qihoo360.replugin:replugin-host-lib:2.3.3] AndroidManifest.xml:109:13-49
	android:process
		ADDED from [com.qihoo360.replugin:replugin-host-lib:2.3.3] AndroidManifest.xml:108:13-39
	android:exported
		ADDED from [com.qihoo360.replugin:replugin-host-lib:2.3.3] AndroidManifest.xml:107:13-37
	android:configChanges
		ADDED from [com.qihoo360.replugin:replugin-host-lib:2.3.3] AndroidManifest.xml:106:13-83
	android:theme
		ADDED from [com.qihoo360.replugin:replugin-host-lib:2.3.3] AndroidManifest.xml:110:13-83
	android:name
		ADDED from [com.qihoo360.replugin:replugin-host-lib:2.3.3] AndroidManifest.xml:105:13-86
activity#cn.anhui.mobile.carpooling.loader.a.Activity0_translucent_fullscreen
ADDED from [com.qihoo360.replugin:replugin-host-lib:2.3.3] AndroidManifest.xml:104:9-110:86
	android:screenOrientation
		ADDED from [com.qihoo360.replugin:replugin-host-lib:2.3.3] AndroidManifest.xml:109:13-49